<?xml version="1.0" encoding="utf-8"?><testsuites name="pytest tests"><testsuite name="pytest" errors="0" failures="0" skipped="0" tests="16" time="15.243" timestamp="2026-09-23T12:56:36.946999+00:00" hostname="agent-env-da0517a6-df08-4809-8579-8ac54285a0b3"><testcase classname="tests.test_iter8_multiclub_payments.TestRegister" name="test_register_returns_token_and_admin" time="1.778" /><testcase classname="tests.test_iter8_multiclub_payments.TestRegister" name="test_duplicate_username_400" time="0.132" /><testcase classname="tests.test_iter8_multiclub_payments.TestRegister" name="test_short_password_400" time="0.203" /><testcase classname="tests.test_iter8_multiclub_payments.TestRegister" name="test_new_club_seed_defaults" time="2.096" /><testcase classname="tests.test_iter8_multiclub_payments.TestRegister" name="test_new_club_users_only_own" time="0.149" /><testcase classname="tests.test_iter8_multiclub_payments.TestIsolation" name="test_default_admin_cannot_see_new_club_data" time="4.140" /><testcase classname="tests.test_iter8_multiclub_payments.TestUnlinkedUnderpayment" name="test_close_unlinked_underpay" time="0.621" /><testcase classname="tests.test_iter8_multiclub_payments.TestUnlinkedUnderpayment" name="test_walkin_sale_underpay" time="0.297" /><testcase classname="tests.test_iter8_multiclub_payments.TestUnpaidCollect" name="test_unpaid_endpoint_shape" time="0.855" /><testcase classname="tests.test_iter8_multiclub_payments.TestUnpaidCollect" name="test_partial_collect_then_full" time="0.961" /><testcase classname="tests.test_iter8_multiclub_payments.TestUnpaidCollect" name="test_over_collect_rejected" time="1.005" /><testcase classname="tests.test_iter8_multiclub_payments.TestBilling" name="test_minute_wise_31min_40s_at_320" time="0.651" /><testcase classname="tests.test_iter8_multiclub_payments.TestBilling" name="test_two_player_ratio_1_1_and_2_1" time="1.179" /><testcase classname="tests.test_iter8_multiclub_payments.TestRegression" name="test_admin_login" time="0.133" /><testcase classname="tests.test_iter8_multiclub_payments.TestRegression" name="test_cashier_no_backup" time="0.492" /><testcase classname="tests.test_iter8_multiclub_payments.TestRegression" name="test_admin_backup" time="0.167" /></testsuite></testsuites>