<?xml version="1.0" encoding="utf-8"?><testsuites name="pytest tests"><testsuite name="pytest" errors="0" failures="0" skipped="0" tests="7" time="5.049" timestamp="2026-09-18T18:13:40.560754+00:00" hostname="agent-env-da0517a6-df08-4809-8579-8ac54285a0b3"><testcase classname="tests.test_iter7_exports_backup_drift" name="test_backup_admin_returns_all_collections" time="0.711" /><testcase classname="tests.test_iter7_exports_backup_drift" name="test_backup_cashier_forbidden" time="0.538" /><testcase classname="tests.test_iter7_exports_backup_drift" name="test_restore_cashier_forbidden" time="0.122" /><testcase classname="tests.test_iter7_exports_backup_drift" name="test_backup_restore_roundtrip" time="0.694" /><testcase classname="tests.test_iter7_exports_backup_drift" name="test_close_drift_small_absorbed_unlinked" time="1.007" /><testcase classname="tests.test_iter7_exports_backup_drift" name="test_close_drift_large_rejected_unlinked" time="0.921" /><testcase classname="tests.test_iter7_exports_backup_drift" name="test_close_underpay_linked_creates_credit" time="0.998" /></testsuite></testsuites>