<?xml version="1.0" encoding="utf-8"?><testsuites name="pytest tests"><testsuite name="pytest" errors="0" failures="0" skipped="0" tests="4" time="3.164" timestamp="2026-07-06T19:43:30.300065+00:00" hostname="agent-env-da0517a6-df08-4809-8579-8ac54285a0b3"><testcase classname="tests.test_iter6_fixes" name="test_preview_bill_with_table_payer_id[2]" time="1.236" /><testcase classname="tests.test_iter6_fixes" name="test_preview_bill_with_table_payer_id[3]" time="0.690" /><testcase classname="tests.test_iter6_fixes" name="test_close_pay_full_tops_up_no_linked_player" time="0.464" /><testcase classname="tests.test_iter6_fixes" name="test_close_underpay_no_linked_player_still_rejected" time="0.597" /></testsuite></testsuites>