<?xml version="1.0" encoding="utf-8"?><testsuites name="pytest tests"><testsuite name="pytest" errors="0" failures="0" skipped="0" tests="5" time="8.172" timestamp="2026-07-06T19:35:20.976086+00:00" hostname="agent-env-da0517a6-df08-4809-8579-8ac54285a0b3"><testcase classname="tests.test_new_features" name="test_admin_login_and_me" time="0.478" /><testcase classname="tests.test_new_features.TestWalkInSale" name="test_walkin_paid_full" time="0.326" /><testcase classname="tests.test_new_features.TestWalkInSale" name="test_walkin_partial_no_player_rejected" time="0.106" /><testcase classname="tests.test_new_features.TestWalkInSale" name="test_walkin_partial_with_player_creates_credit" time="0.459" /><testcase classname="tests.test_new_features.TestAddPlayerAndPresence" name="test_add_player_and_preview_prorated" time="6.741" /></testsuite></testsuites>